<?xml version="1.0" encoding="UTF-8"?>
<!-- Generated by org.testng.reporters.JUnitReportReporter -->
<testsuite hostname="XE-T-SSOMAN" name="com.TestNG.TestAutomation.AppTest" tests="1" failures="0" timestamp="20 Sep 2015 07:16:54 GMT" time="53.201" errors="0">
  <testcase name="execution" time="53.201" classname="com.TestNG.TestAutomation.AppTest"/>
</testsuite> <!-- com.TestNG.TestAutomation.AppTest -->
