<?xml version="1.0" encoding="UTF-8"?>
<!-- Generated by org.testng.reporters.JUnitReportReporter -->
<testsuite hostname="XE-T-SSOMAN" name="com.TestNG.TestAutomation.TestEngine" tests="1" failures="0" timestamp="5 Oct 2015 10:11:29 GMT" time="479.740" errors="0">
  <testcase name="execution" time="479.740" classname="com.TestNG.TestAutomation.TestEngine"/>
</testsuite> <!-- com.TestNG.TestAutomation.TestEngine -->
